Hotel Folder: sharm-reef | Room: Standard Room | Image field: images/hotels/sharm-reef/room1.jpg
-> Using exact image path: images/hotels/sharm-reef/room1.jpg
Hotel Folder: sharm-reef | Room: Deluxe Suite | Image field: images/hotels/sharm-reef/room2.jpg
-> Using exact image path: images/hotels/sharm-reef/room2.jpg
Hotel Folder: sharm-reef | Room: Family Suite | Image field: images/hotels/sharm-reef/room3.jpg
-> Using exact image path: images/hotels/sharm-reef/room3.jpg
Hotel Folder: sharm-reef | Room: Standard Room | Image field: images/hotels/sharm-reef/room1.jpg
-> Using exact image path: images/hotels/sharm-reef/room1.jpg
Hotel Folder: sharm-reef | Room: Deluxe Suite | Image field: images/hotels/sharm-reef/room2.jpg
-> Using exact image path: images/hotels/sharm-reef/room2.jpg
Hotel Folder: sharm-reef | Room: Family Suite | Image field: images/hotels/sharm-reef/room3.jpg
-> Using exact image path: images/hotels/sharm-reef/room3.jpg
Hotel Folder: sharm-reef | Room: Standard Room | Image field: images/hotels/sharm-reef/room1.jpg
-> Using exact image path: images/hotels/sharm-reef/room1.jpg
Hotel Folder: sharm-reef | Room: Deluxe Suite | Image field: images/hotels/sharm-reef/room2.jpg
-> Using exact image path: images/hotels/sharm-reef/room2.jpg
Hotel Folder: sharm-reef | Room: Family Suite | Image field: images/hotels/sharm-reef/room3.jpg
-> Using exact image path: images/hotels/sharm-reef/room3.jpg
Hotel Folder: sharm-reef | Room: Standard Room | Image field: images/hotels/sharm-reef/room1.jpg
-> Using exact image path: images/hotels/sharm-reef/room1.jpg
Hotel Folder: sharm-reef | Room: Deluxe Suite | Image field: images/hotels/sharm-reef/room2.jpg
-> Using exact image path: images/hotels/sharm-reef/room2.jpg
Hotel Folder: sharm-reef | Room: Family Suite | Image field: images/hotels/sharm-reef/room3.jpg
-> Using exact image path: images/hotels/sharm-reef/room3.jpg
Hotel Folder: sharm-reef | Room: Standard Room | Image field: images/hotels/sharm-reef/room1.jpg
-> Using exact image path: images/hotels/sharm-reef/room1.jpg
Hotel Folder: sharm-reef | Room: Deluxe Suite | Image field: images/hotels/sharm-reef/room2.jpg
-> Using exact image path: images/hotels/sharm-reef/room2.jpg
Hotel Folder: sharm-reef | Room: Family Suite | Image field: images/hotels/sharm-reef/room3.jpg
-> Using exact image path: images/hotels/sharm-reef/room3.jpg
Hotel Folder: sharm-reef | Room: Standard Room | Image field: images/hotels/sharm-reef/room1.jpg
-> Using exact image path: images/hotels/sharm-reef/room1.jpg
Hotel Folder: sharm-reef | Room: Deluxe Suite | Image field: images/hotels/sharm-reef/room2.jpg
-> Using exact image path: images/hotels/sharm-reef/room2.jpg
Hotel Folder: sharm-reef | Room: Family Suite | Image field: images/hotels/sharm-reef/room3.jpg
-> Using exact image path: images/hotels/sharm-reef/room3.jpg
Hotel Folder: sharm-reef | Room: Standard Room | Image field: images/hotels/sharm-reef/room1.jpg
-> Using exact image path: images/hotels/sharm-reef/room1.jpg
Hotel Folder: sharm-reef | Room: Deluxe Suite | Image field: images/hotels/sharm-reef/room2.jpg
-> Using exact image path: images/hotels/sharm-reef/room2.jpg
Hotel Folder: sharm-reef | Room: Family Suite | Image field: images/hotels/sharm-reef/room3.jpg
-> Using exact image path: images/hotels/sharm-reef/room3.jpg
Hotel Folder: sharm-reef | Room: Standard Room | Image field: images/hotels/sharm-reef/room1.jpg
-> Using exact image path: images/hotels/sharm-reef/room1.jpg
Hotel Folder: sharm-reef | Room: Deluxe Suite | Image field: images/hotels/sharm-reef/room2.jpg
-> Using exact image path: images/hotels/sharm-reef/room2.jpg
Hotel Folder: sharm-reef | Room: Family Suite | Image field: images/hotels/sharm-reef/room3.jpg
-> Using exact image path: images/hotels/sharm-reef/room3.jpg
Hotel Folder: sharm-reef | Room: Standard Room | Image field: images/hotels/sharm-reef/room1.jpg
-> Using exact image path: images/hotels/sharm-reef/room1.jpg
Hotel Folder: sharm-reef | Room: Deluxe Suite | Image field: images/hotels/sharm-reef/room2.jpg
-> Using exact image path: images/hotels/sharm-reef/room2.jpg
Hotel Folder: sharm-reef | Room: Family Suite | Image field: images/hotels/sharm-reef/room3.jpg
-> Using exact image path: images/hotels/sharm-reef/room3.jpg
Hotel Folder: sharm-reef | Room: Standard Room | Image field: images/hotels/sharm-reef/room1.jpg
-> Using exact image path: images/hotels/sharm-reef/room1.jpg
Hotel Folder: sharm-reef | Room: Deluxe Suite | Image field: images/hotels/sharm-reef/room2.jpg
-> Using exact image path: images/hotels/sharm-reef/room2.jpg
Hotel Folder: sharm-reef | Room: Family Suite | Image field: images/hotels/sharm-reef/room3.jpg
-> Using exact image path: images/hotels/sharm-reef/room3.jpg
Hotel Folder: alex-royal | Room: Standard Room | Image field: images/hotels/alex-royal/room1.jpg
-> Using exact image path: images/hotels/alex-royal/room1.jpg
Hotel Folder: alex-royal | Room: Standard Room | Image field: images/hotels/alex-royal/room1.jpg
-> Using exact image path: images/hotels/alex-royal/room1.jpg
Hotel Folder: alex-royal | Room: Standard Room | Image field: images/hotels/alex-royal/room1.jpg
-> Using exact image path: images/hotels/alex-royal/room1.jpg
Hotel Folder: alex-royal | Room: Standard Room | Image field: images/hotels/alex-royal/room1.jpg
-> Using exact image path: images/hotels/alex-royal/room1.jpg
Hotel Folder: alex-royal | Room: Standard Room | Image field: images/hotels/alex-royal/room1.jpg
-> Using exact image path: images/hotels/alex-royal/room1.jpg
Hotel Folder: alex-royal | Room: Standard Room | Image field: images/hotels/alex-royal/room1.jpg
-> Using exact image path: images/hotels/alex-royal/room1.jpg
Hotel Folder: alex-royal | Room: Standard Room | Image field: images/hotels/alex-royal/room1.jpg
-> Using exact image path: images/hotels/alex-royal/room1.jpg
Hotel Folder: alex-royal | Room: Standard Room | Image field: images/hotels/alex-royal/room1.jpg
-> Using exact image path: images/hotels/alex-royal/room1.jpg
Hotel Folder: cairo-citystars | Room: Standard Room | Image field: images/hotels/cairo-citystars/room1.jpg
-> Using exact image path: images/hotels/cairo-citystars/room1.jpg
Hotel Folder: cairo-citystars | Room: Deluxe Suite | Image field: images/hotels/cairo-citystars/room2.jpg
-> Using exact image path: images/hotels/cairo-citystars/room2.jpg
Hotel Folder: cairo-citystars | Room: Executive Suite | Image field: images/hotels/cairo-citystars/room3.jpg
-> Using exact image path: images/hotels/cairo-citystars/room3.jpg
Hotel Folder: cairo-citystars | Room: Standard Room | Image field: images/hotels/cairo-citystars/room1.jpg
-> Using exact image path: images/hotels/cairo-citystars/room1.jpg
Hotel Folder: cairo-citystars | Room: Deluxe Suite | Image field: images/hotels/cairo-citystars/room2.jpg
-> Using exact image path: images/hotels/cairo-citystars/room2.jpg
Hotel Folder: cairo-citystars | Room: Executive Suite | Image field: images/hotels/cairo-citystars/room3.jpg
-> Using exact image path: images/hotels/cairo-citystars/room3.jpg
Hotel Folder: ritz-cairo | Room: Standard Room | Image field: images/hotels/ritz-cairo/room1.jpg
-> Using exact image path: images/hotels/ritz-cairo/room1.jpg
Hotel Folder: ritz-cairo | Room: Deluxe Suite | Image field: images/hotels/ritz-cairo/room2.jpg
-> Using exact image path: images/hotels/ritz-cairo/room2.jpg
Hotel Folder: ritz-cairo | Room: Panoramic Room | Image field: images/hotels/ritz-cairo/room3.jpeg
-> Using exact image path: images/hotels/ritz-cairo/room3.jpeg
Hotel Folder: cairo-citystars | Room: Standard Room | Image field: images/hotels/cairo-citystars/room1.jpg
-> Using exact image path: images/hotels/cairo-citystars/room1.jpg
Hotel Folder: cairo-citystars | Room: Deluxe Suite | Image field: images/hotels/cairo-citystars/room2.jpg
-> Using exact image path: images/hotels/cairo-citystars/room2.jpg
Hotel Folder: cairo-citystars | Room: Executive Suite | Image field: images/hotels/cairo-citystars/room3.jpg
-> Using exact image path: images/hotels/cairo-citystars/room3.jpg
Hotel Folder: cairo-citystars | Room: Standard Room | Image field: images/hotels/cairo-citystars/room1.jpg
-> Using exact image path: images/hotels/cairo-citystars/room1.jpg
Hotel Folder: cairo-citystars | Room: Deluxe Suite | Image field: images/hotels/cairo-citystars/room2.jpg
-> Using exact image path: images/hotels/cairo-citystars/room2.jpg
Hotel Folder: cairo-citystars | Room: Executive Suite | Image field: images/hotels/cairo-citystars/room3.jpg
-> Using exact image path: images/hotels/cairo-citystars/room3.jpg
Hotel Folder: cairo-citystars | Room: Standard Room | Image field: images/hotels/cairo-citystars/room1.jpg
-> Using exact image path: images/hotels/cairo-citystars/room1.jpg
Hotel Folder: cairo-citystars | Room: Deluxe Suite | Image field: images/hotels/cairo-citystars/room2.jpg
-> Using exact image path: images/hotels/cairo-citystars/room2.jpg
Hotel Folder: cairo-citystars | Room: Executive Suite | Image field: images/hotels/cairo-citystars/room3.jpg
-> Using exact image path: images/hotels/cairo-citystars/room3.jpg
Hotel Folder: cairo-citystars | Room: Standard Room | Image field: images/hotels/cairo-citystars/room1.jpg
-> Using exact image path: images/hotels/cairo-citystars/room1.jpg
Hotel Folder: cairo-citystars | Room: Deluxe Suite | Image field: images/hotels/cairo-citystars/room2.jpg
-> Using exact image path: images/hotels/cairo-citystars/room2.jpg
Hotel Folder: cairo-citystars | Room: Executive Suite | Image field: images/hotels/cairo-citystars/room3.jpg
-> Using exact image path: images/hotels/cairo-citystars/room3.jpg
Hotel Folder: cairo-citystars | Room: Standard Room | Image field: images/hotels/cairo-citystars/room1.jpg
-> Using exact image path: images/hotels/cairo-citystars/room1.jpg
Hotel Folder: cairo-citystars | Room: Deluxe Suite | Image field: images/hotels/cairo-citystars/room2.jpg
-> Using exact image path: images/hotels/cairo-citystars/room2.jpg
Hotel Folder: cairo-citystars | Room: Executive Suite | Image field: images/hotels/cairo-citystars/room3.jpg
-> Using exact image path: images/hotels/cairo-citystars/room3.jpg
Hotel Folder: cairo-citystars | Room: Standard Room | Image field: images/hotels/cairo-citystars/room1.jpg
-> Using exact image path: images/hotels/cairo-citystars/room1.jpg
Hotel Folder: cairo-citystars | Room: Deluxe Suite | Image field: images/hotels/cairo-citystars/room2.jpg
-> Using exact image path: images/hotels/cairo-citystars/room2.jpg
Hotel Folder: cairo-citystars | Room: Executive Suite | Image field: images/hotels/cairo-citystars/room3.jpg
-> Using exact image path: images/hotels/cairo-citystars/room3.jpg
Hotel Folder: cairo-citystars | Room: Standard Room | Image field: images/hotels/cairo-citystars/room1.jpg
-> Using exact image path: images/hotels/cairo-citystars/room1.jpg
Hotel Folder: cairo-citystars | Room: Deluxe Suite | Image field: images/hotels/cairo-citystars/room2.jpg
-> Using exact image path: images/hotels/cairo-citystars/room2.jpg
Hotel Folder: cairo-citystars | Room: Executive Suite | Image field: images/hotels/cairo-citystars/room3.jpg
-> Using exact image path: images/hotels/cairo-citystars/room3.jpg
Hotel Folder: cairo-citystars | Room: Standard Room | Image field: images/hotels/cairo-citystars/room1.jpg
-> Using exact image path: images/hotels/cairo-citystars/room1.jpg
Hotel Folder: cairo-citystars | Room: Deluxe Suite | Image field: images/hotels/cairo-citystars/room2.jpg
-> Using exact image path: images/hotels/cairo-citystars/room2.jpg
Hotel Folder: cairo-citystars | Room: Executive Suite | Image field: images/hotels/cairo-citystars/room3.jpg
-> Using exact image path: images/hotels/cairo-citystars/room3.jpg
Hotel Folder: cairo-citystars | Room: Standard Room | Image field: images/hotels/cairo-citystars/room1.jpg
-> Using exact image path: images/hotels/cairo-citystars/room1.jpg
Hotel Folder: cairo-citystars | Room: Deluxe Suite | Image field: images/hotels/cairo-citystars/room2.jpg
-> Using exact image path: images/hotels/cairo-citystars/room2.jpg
Hotel Folder: cairo-citystars | Room: Executive Suite | Image field: images/hotels/cairo-citystars/room3.jpg
-> Using exact image path: images/hotels/cairo-citystars/room3.jpg
Hotel Folder: hurghada-golden | Room: Standard Room | Image field: images/hotels/hurghada-golden/room1.jpg
-> Using exact image path: images/hotels/hurghada-golden/room1.jpg
Hotel Folder: hurghada-golden | Room: Deluxe Suite | Image field: images/hotels/hurghada-golden/room2.jpg
-> Using exact image path: images/hotels/hurghada-golden/room2.jpg
Hotel Folder: hurghada-golden | Room: Family Suite | Image field: images/hotels/hurghada-golden/room3.jpg
-> Using exact image path: images/hotels/hurghada-golden/room3.jpg
Hotel Folder: sharm-reef | Room: Standard Room | Image field: images/hotels/sharm-reef/room1.jpg
-> Using exact image path: images/hotels/sharm-reef/room1.jpg
Hotel Folder: sharm-reef | Room: Deluxe Suite | Image field: images/hotels/sharm-reef/room2.jpg
-> Using exact image path: images/hotels/sharm-reef/room2.jpg
Hotel Folder: sharm-reef | Room: Family Suite | Image field: images/hotels/sharm-reef/room3.jpg
-> Using exact image path: images/hotels/sharm-reef/room3.jpg
Hotel Folder: alex-royal | Room: Standard Room | Image field: images/hotels/alex-royal/room1.jpg
-> Using exact image path: images/hotels/alex-royal/room1.jpg
Hotel Folder: siwa-shali | Room: Standard Room | Image field: images/hotels/siwa-shali/room1.jpg
-> Using exact image path: images/hotels/siwa-shali/room1.jpg
Hotel Folder: siwa-shali | Room: Deluxe Suite | Image field: images/hotels/siwa-shali/room2.jpg
-> Using exact image path: images/hotels/siwa-shali/room2.jpg
Hotel Folder: cairo-nile | Room: Deluxe Suite | Image field: images/hotels/cairo-nile/room2.jpg
-> Using exact image path: images/hotels/cairo-nile/room2.jpg
Hotel Folder: cairo-nile | Room: Family Suite | Image field: images/hotels/cairo-nile/room3.jpg
-> Using exact image path: images/hotels/cairo-nile/room3.jpg
Hotel Folder: sharm-reef | Room: Standard Room | Image field: images/hotels/sharm-reef/room1.jpg
-> Using exact image path: images/hotels/sharm-reef/room1.jpg
Hotel Folder: sharm-reef | Room: Deluxe Suite | Image field: images/hotels/sharm-reef/room2.jpg
-> Using exact image path: images/hotels/sharm-reef/room2.jpg
Hotel Folder: sharm-reef | Room: Family Suite | Image field: images/hotels/sharm-reef/room3.jpg
-> Using exact image path: images/hotels/sharm-reef/room3.jpg
Hotel Folder: hurghada-golden | Room: Standard Room | Image field: images/hotels/hurghada-golden/room1.jpg
-> Using exact image path: images/hotels/hurghada-golden/room1.jpg
Hotel Folder: hurghada-golden | Room: Deluxe Suite | Image field: images/hotels/hurghada-golden/room2.jpg
-> Using exact image path: images/hotels/hurghada-golden/room2.jpg
Hotel Folder: hurghada-golden | Room: Family Suite | Image field: images/hotels/hurghada-golden/room3.jpg
-> Using exact image path: images/hotels/hurghada-golden/room3.jpg
Hotel Folder: hurghada-golden | Room: Standard Room | Image field: images/hotels/hurghada-golden/room1.jpg
-> Using exact image path: images/hotels/hurghada-golden/room1.jpg
Hotel Folder: hurghada-golden | Room: Deluxe Suite | Image field: images/hotels/hurghada-golden/room2.jpg
-> Using exact image path: images/hotels/hurghada-golden/room2.jpg
Hotel Folder: hurghada-golden | Room: Family Suite | Image field: images/hotels/hurghada-golden/room3.jpg
-> Using exact image path: images/hotels/hurghada-golden/room3.jpg
Hotel Folder: hurghada-golden | Room: Standard Room | Image field: images/hotels/hurghada-golden/room1.jpg
-> Using exact image path: images/hotels/hurghada-golden/room1.jpg
Hotel Folder: hurghada-golden | Room: Deluxe Suite | Image field: images/hotels/hurghada-golden/room2.jpg
-> Using exact image path: images/hotels/hurghada-golden/room2.jpg
Hotel Folder: hurghada-golden | Room: Family Suite | Image field: images/hotels/hurghada-golden/room3.jpg
-> Using exact image path: images/hotels/hurghada-golden/room3.jpg
Hotel Folder: hurghada-golden | Room: Standard Room | Image field: images/hotels/hurghada-golden/room1.jpg
-> Using exact image path: images/hotels/hurghada-golden/room1.jpg
Hotel Folder: hurghada-golden | Room: Deluxe Suite | Image field: images/hotels/hurghada-golden/room2.jpg
-> Using exact image path: images/hotels/hurghada-golden/room2.jpg
Hotel Folder: hurghada-golden | Room: Family Suite | Image field: images/hotels/hurghada-golden/room3.jpg
-> Using exact image path: images/hotels/hurghada-golden/room3.jpg
Hotel Folder: siwa-shali | Room: Standard Room | Image field: images/hotels/siwa-shali/room1.jpg
-> Using exact image path: images/hotels/siwa-shali/room1.jpg
Hotel Folder: siwa-shali | Room: Deluxe Suite | Image field: images/hotels/siwa-shali/room2.jpg
-> Using exact image path: images/hotels/siwa-shali/room2.jpg
Hotel Folder: siwa-shali | Room: Standard Room | Image field: images/hotels/siwa-shali/room1.jpg
-> Using exact image path: images/hotels/siwa-shali/room1.jpg
Hotel Folder: siwa-shali | Room: Deluxe Suite | Image field: images/hotels/siwa-shali/room2.jpg
-> Using exact image path: images/hotels/siwa-shali/room2.jpg
Hotel Folder: siwa-shali | Room: Standard Room | Image field: images/hotels/siwa-shali/room1.jpg
-> Using exact image path: images/hotels/siwa-shali/room1.jpg
Hotel Folder: siwa-shali | Room: Deluxe Suite | Image field: images/hotels/siwa-shali/room2.jpg
-> Using exact image path: images/hotels/siwa-shali/room2.jpg
Hotel Folder: sharm-reef | Room: Standard Room | Image field: images/hotels/sharm-reef/room1.jpg
-> Using exact image path: images/hotels/sharm-reef/room1.jpg
Hotel Folder: sharm-reef | Room: Deluxe Suite | Image field: images/hotels/sharm-reef/room2.jpg
-> Using exact image path: images/hotels/sharm-reef/room2.jpg
Hotel Folder: sharm-reef | Room: Family Suite | Image field: images/hotels/sharm-reef/room3.jpg
-> Using exact image path: images/hotels/sharm-reef/room3.jpg
Hotel Folder: sharm-reef | Room: Standard Room | Image field: images/hotels/sharm-reef/room1.jpg
-> Using exact image path: images/hotels/sharm-reef/room1.jpg
Hotel Folder: sharm-reef | Room: Deluxe Suite | Image field: images/hotels/sharm-reef/room2.jpg
-> Using exact image path: images/hotels/sharm-reef/room2.jpg
Hotel Folder: sharm-reef | Room: Family Suite | Image field: images/hotels/sharm-reef/room3.jpg
-> Using exact image path: images/hotels/sharm-reef/room3.jpg
Hotel Folder: sharm-reef | Room: Standard Room | Image field: images/hotels/sharm-reef/room1.jpg
-> Using exact image path: images/hotels/sharm-reef/room1.jpg
Hotel Folder: sharm-reef | Room: Deluxe Suite | Image field: images/hotels/sharm-reef/room2.jpg
-> Using exact image path: images/hotels/sharm-reef/room2.jpg
Hotel Folder: sharm-reef | Room: Family Suite | Image field: images/hotels/sharm-reef/room3.jpg
-> Using exact image path: images/hotels/sharm-reef/room3.jpg
Hotel Folder: sharm-reef | Room: Standard Room | Image field: images/hotels/sharm-reef/room1.jpg
-> Using exact image path: images/hotels/sharm-reef/room1.jpg
Hotel Folder: sharm-reef | Room: Deluxe Suite | Image field: images/hotels/sharm-reef/room2.jpg
-> Using exact image path: images/hotels/sharm-reef/room2.jpg
Hotel Folder: sharm-reef | Room: Family Suite | Image field: images/hotels/sharm-reef/room3.jpg
-> Using exact image path: images/hotels/sharm-reef/room3.jpg
Hotel Folder: sharm-reef | Room: Standard Room | Image field: images/hotels/sharm-reef/room1.jpg
-> Using exact image path: images/hotels/sharm-reef/room1.jpg
Hotel Folder: sharm-reef | Room: Deluxe Suite | Image field: images/hotels/sharm-reef/room2.jpg
-> Using exact image path: images/hotels/sharm-reef/room2.jpg
Hotel Folder: sharm-reef | Room: Family Suite | Image field: images/hotels/sharm-reef/room3.jpg
-> Using exact image path: images/hotels/sharm-reef/room3.jpg
Hotel Folder: sharm-reef | Room: Standard Room | Image field: images/hotels/sharm-reef/room1.jpg
-> Using exact image path: images/hotels/sharm-reef/room1.jpg
Hotel Folder: sharm-reef | Room: Deluxe Suite | Image field: images/hotels/sharm-reef/room2.jpg
-> Using exact image path: images/hotels/sharm-reef/room2.jpg
Hotel Folder: sharm-reef | Room: Family Suite | Image field: images/hotels/sharm-reef/room3.jpg
-> Using exact image path: images/hotels/sharm-reef/room3.jpg
Hotel Folder: sharm-reef | Room: Standard Room | Image field: images/hotels/sharm-reef/room1.jpg
-> Using exact image path: images/hotels/sharm-reef/room1.jpg
Hotel Folder: sharm-reef | Room: Deluxe Suite | Image field: images/hotels/sharm-reef/room2.jpg
-> Using exact image path: images/hotels/sharm-reef/room2.jpg
Hotel Folder: sharm-reef | Room: Family Suite | Image field: images/hotels/sharm-reef/room3.jpg
-> Using exact image path: images/hotels/sharm-reef/room3.jpg
Hotel Folder: sharm-reef | Room: Standard Room | Image field: images/hotels/sharm-reef/room1.jpg
-> Using exact image path: images/hotels/sharm-reef/room1.jpg
Hotel Folder: sharm-reef | Room: Deluxe Suite | Image field: images/hotels/sharm-reef/room2.jpg
-> Using exact image path: images/hotels/sharm-reef/room2.jpg
Hotel Folder: sharm-reef | Room: Family Suite | Image field: images/hotels/sharm-reef/room3.jpg
-> Using exact image path: images/hotels/sharm-reef/room3.jpg
Hotel Folder: sharm-reef | Room: Standard Room | Image field: images/hotels/sharm-reef/room1.jpg
-> Using exact image path: images/hotels/sharm-reef/room1.jpg
Hotel Folder: sharm-reef | Room: Deluxe Suite | Image field: images/hotels/sharm-reef/room2.jpg
-> Using exact image path: images/hotels/sharm-reef/room2.jpg
Hotel Folder: sharm-reef | Room: Family Suite | Image field: images/hotels/sharm-reef/room3.jpg
-> Using exact image path: images/hotels/sharm-reef/room3.jpg
Hotel Folder: sharm-reef | Room: Standard Room | Image field: images/hotels/sharm-reef/room1.jpg
-> Using exact image path: images/hotels/sharm-reef/room1.jpg
Hotel Folder: sharm-reef | Room: Deluxe Suite | Image field: images/hotels/sharm-reef/room2.jpg
-> Using exact image path: images/hotels/sharm-reef/room2.jpg
Hotel Folder: sharm-reef | Room: Family Suite | Image field: images/hotels/sharm-reef/room3.jpg
-> Using exact image path: images/hotels/sharm-reef/room3.jpg
Hotel Folder: sharm-reef | Room: Standard Room | Image field: images/hotels/sharm-reef/room1.jpg
-> Using exact image path: images/hotels/sharm-reef/room1.jpg
Hotel Folder: sharm-reef | Room: Deluxe Suite | Image field: images/hotels/sharm-reef/room2.jpg
-> Using exact image path: images/hotels/sharm-reef/room2.jpg
Hotel Folder: sharm-reef | Room: Family Suite | Image field: images/hotels/sharm-reef/room3.jpg
-> Using exact image path: images/hotels/sharm-reef/room3.jpg
Hotel Folder: sharm-reef | Room: Standard Room | Image field: images/hotels/sharm-reef/room1.jpg
-> Using exact image path: images/hotels/sharm-reef/room1.jpg
Hotel Folder: sharm-reef | Room: Deluxe Suite | Image field: images/hotels/sharm-reef/room2.jpg
-> Using exact image path: images/hotels/sharm-reef/room2.jpg
Hotel Folder: sharm-reef | Room: Family Suite | Image field: images/hotels/sharm-reef/room3.jpg
-> Using exact image path: images/hotels/sharm-reef/room3.jpg
Hotel Folder: alex-royal | Room: Standard Room | Image field: images/hotels/alex-royal/room1.jpg
-> Using exact image path: images/hotels/alex-royal/room1.jpg
Hotel Folder: alex-royal | Room: Standard Room | Image field: images/hotels/alex-royal/room1.jpg
-> Using exact image path: images/hotels/alex-royal/room1.jpg
Hotel Folder: alex-royal | Room: Standard Room | Image field: images/hotels/alex-royal/room1.jpg
-> Using exact image path: images/hotels/alex-royal/room1.jpg
Hotel Folder: alex-royal | Room: Standard Room | Image field: images/hotels/alex-royal/room1.jpg
-> Using exact image path: images/hotels/alex-royal/room1.jpg
Hotel Folder: alex-royal | Room: Standard Room | Image field: images/hotels/alex-royal/room1.jpg
-> Using exact image path: images/hotels/alex-royal/room1.jpg
Hotel Folder: alex-royal | Room: Standard Room | Image field: images/hotels/alex-royal/room1.jpg
-> Using exact image path: images/hotels/alex-royal/room1.jpg
Hotel Folder: alex-royal | Room: Standard Room | Image field: images/hotels/alex-royal/room1.jpg
-> Using exact image path: images/hotels/alex-royal/room1.jpg
Hotel Folder: alex-royal | Room: Standard Room | Image field: images/hotels/alex-royal/room1.jpg
-> Using exact image path: images/hotels/alex-royal/room1.jpg
Hotel Folder: alex-royal | Room: Standard Room | Image field: images/hotels/alex-royal/room1.jpg
-> Using exact image path: images/hotels/alex-royal/room1.jpg
Hotel Folder: alex-royal | Room: Standard Room | Image field: images/hotels/alex-royal/room1.jpg
-> Using exact image path: images/hotels/alex-royal/room1.jpg
Hotel Folder: alex-royal | Room: Standard Room | Image field: images/hotels/alex-royal/room1.jpg
-> Using exact image path: images/hotels/alex-royal/room1.jpg
Hotel Folder: alex-royal | Room: Standard Room | Image field: images/hotels/alex-royal/room1.jpg
-> Using exact image path: images/hotels/alex-royal/room1.jpg
Hotel Folder: alex-royal | Room: Standard Room | Image field: images/hotels/alex-royal/room1.jpg
-> Using exact image path: images/hotels/alex-royal/room1.jpg
Hotel Folder: alex-royal | Room: Standard Room | Image field: images/hotels/alex-royal/room1.jpg
-> Using exact image path: images/hotels/alex-royal/room1.jpg
Hotel Folder: alex-royal | Room: Standard Room | Image field: images/hotels/alex-royal/room1.jpg
-> Using exact image path: images/hotels/alex-royal/room1.jpg
Hotel Folder: alex-royal | Room: Standard Room | Image field: images/hotels/alex-royal/room1.jpg
-> Using exact image path: images/hotels/alex-royal/room1.jpg
Hotel Folder: alex-royal | Room: Standard Room | Image field: images/hotels/alex-royal/room1.jpg
-> Using exact image path: images/hotels/alex-royal/room1.jpg
Hotel Folder: alex-royal | Room: Standard Room | Image field: images/hotels/alex-royal/room1.jpg
-> Using exact image path: images/hotels/alex-royal/room1.jpg
Hotel Folder: alex-royal | Room: Standard Room | Image field: images/hotels/alex-royal/room1.jpg
-> Using exact image path: images/hotels/alex-royal/room1.jpg
Hotel Folder: alex-royal | Room: Standard Room | Image field: images/hotels/alex-royal/room1.jpg
-> Using exact image path: images/hotels/alex-royal/room1.jpg
Hotel Folder: alex-royal | Room: Standard Room | Image field: images/hotels/alex-royal/room1.jpg
-> Using exact image path: images/hotels/alex-royal/room1.jpg
Hotel Folder: alex-royal | Room: Standard Room | Image field: images/hotels/alex-royal/room1.jpg
-> Using exact image path: images/hotels/alex-royal/room1.jpg
Hotel Folder: sharm-reef | Room: Standard Room | Image field: images/hotels/sharm-reef/room1.jpg
-> Using exact image path: images/hotels/sharm-reef/room1.jpg
Hotel Folder: sharm-reef | Room: Deluxe Suite | Image field: images/hotels/sharm-reef/room2.jpg
-> Using exact image path: images/hotels/sharm-reef/room2.jpg
Hotel Folder: sharm-reef | Room: Family Suite | Image field: images/hotels/sharm-reef/room3.jpg
-> Using exact image path: images/hotels/sharm-reef/room3.jpg
Hotel Folder: alex-royal | Room: Standard Room | Image field: images/hotels/alex-royal/room1.jpg
-> Using exact image path: images/hotels/alex-royal/room1.jpg
