2025-05-27 16:34:45 | POST: {"first_name":"Mohamed","last_name":"Ramadan","email":"01069787819mohammed@gmail.com","phone":"+201069787819","address":"banisuef"}
2025-05-27 16:34:45 | FILES: []
2025-05-27 16:34:45 | Executing UPDATE users ...
2025-05-27 16:34:45 | UPDATE executed. RowCount: 0
2025-05-27 16:34:45 | Redirecting to ../profile.php?success=1
2025-05-27 16:35:31 | POST: {"first_name":"Mohamed","last_name":"Ramadan","email":"01069787819mohammed@gmail.com","phone":"+201069787819","address":"banisuef"}
2025-05-27 16:35:31 | FILES: []
2025-05-27 16:35:31 | Executing UPDATE users ...
2025-05-27 16:35:31 | UPDATE executed. RowCount: 0
2025-05-27 16:35:31 | Redirecting to ../profile.php?success=1
2025-05-27 16:38:49 | POST: {"first_name":"Mohamed","last_name":"Ramadan","email":"01069787819mohammed@gmail.com","phone":"+201069787819","address":"banisuef"}
2025-05-27 16:38:49 | FILES: {"cover_image":{"name":"","full_path":"","type":"","tmp_name":"","error":4,"size":0}}
2025-05-27 16:38:49 | Executing UPDATE users ...
2025-05-27 16:38:49 | UPDATE executed. RowCount: 0
2025-05-27 16:38:49 | Redirecting to ../profile.php?success=1
2025-05-27 16:40:05 | POST: {"first_name":"Mohammed","last_name":"Ramadan","email":"01069787819mohammed@gmail.com","phone":"+201069787819","address":"banisuef"}
2025-05-27 16:40:05 | FILES: {"cover_image":{"name":"","full_path":"","type":"","tmp_name":"","error":4,"size":0}}
2025-05-27 16:40:05 | Executing UPDATE users ...
2025-05-27 16:40:05 | UPDATE executed. RowCount: 1
2025-05-27 16:40:05 | Redirecting to ../profile.php?success=1
2025-05-27 16:40:18 | POST: {"first_name":"Mohammed","last_name":"Ramadan","email":"01069787819mohammed@gmail.com","phone":"+201069787819","address":"banisuef"}
2025-05-27 16:40:18 | FILES: {"cover_image":{"name":"EREN JAEGER WALLPAPER_LE_upscale_balanced_x5.jpg","full_path":"EREN JAEGER WALLPAPER_LE_upscale_balanced_x5.jpg","type":"image\/jpeg","tmp_name":"C:\\xampp\\tmp\\php3AEA.tmp","error":0,"size":1368232}}
2025-05-27 16:40:18 | Executing UPDATE users ...
2025-05-27 16:40:18 | UPDATE executed. RowCount: 0
2025-05-27 16:40:18 | Uploading cover_image...
2025-05-27 16:40:18 | Redirecting to ../profile.php?success=1
2025-05-27 16:45:50 | POST: {"first_name":"Mohammed","last_name":"Ramadan","email":"01069787819mohammed@gmail.com","phone":"+201069787819","address":"banisuef"}
2025-05-27 16:45:50 | FILES: []
2025-05-27 16:45:50 | Executing UPDATE users ...
2025-05-27 16:45:50 | UPDATE executed. RowCount: 0
2025-05-27 16:45:50 | Redirecting to ../profile.php?success=1
2025-05-27 16:50:03 | POST: {"first_name":"Mohammed","last_name":"Ramadan","email":"01069787819mohammed@gmail.com","phone":"+201069787819","address":"banisuef"}
2025-05-27 16:50:03 | FILES: {"cover_image":{"name":"","full_path":"","type":"","tmp_name":"","error":4,"size":0}}
2025-05-27 16:50:03 | Executing UPDATE users ...
2025-05-27 16:50:03 | UPDATE executed. RowCount: 0
2025-05-27 16:50:03 | Redirecting to ../profile.php?success=1
2025-05-27 16:58:29 | POST: {"username":"mhmd_rmdn_1","email":"01069787819mohammed@gmail.com","first_name":"Mohammed","last_name":"Ramadan","phone":"+201069787819","date_of_birth":"","gender":"male","address":"banisuef"}
2025-05-27 16:58:29 | FILES: {"cover_image":{"name":"","full_path":"","type":"","tmp_name":"","error":4,"size":0},"profile_image":{"name":"","full_path":"","type":"","tmp_name":"","error":4,"size":0}}
2025-05-27 16:58:29 | Executing UPDATE users ...
2025-05-27 16:58:29 | UPDATE executed. RowCount: 1
2025-05-27 16:58:29 | Redirecting to ../profile.php?success=1
2025-05-27 17:07:05 | POST: {"username":"mhmd_rmdn_1","email":"01069787819mohammed@gmail.com","first_name":"Mohammed","last_name":"Ramadan","phone":"+201069787819","date_of_birth":"","gender":"male","address":"banisuef"}
2025-05-27 17:07:05 | FILES: {"cover_image":{"name":"","full_path":"","type":"","tmp_name":"","error":4,"size":0},"profile_image":{"name":"","full_path":"","type":"","tmp_name":"","error":4,"size":0}}
2025-05-27 17:07:05 | Executing UPDATE users ...
2025-05-27 17:07:05 | UPDATE executed. RowCount: 0
2025-05-27 17:07:05 | Redirecting to ../profile.php?success=1
2025-05-27 17:10:40 | POST: {"username":"mhmd_rmdn_1","email":"01069787819mohammed@gmail.com","first_name":"Mohammed","last_name":"Ramadan","phone":"+201069787819","date_of_birth":"","gender":"male","address":"banisuef"}
2025-05-27 17:10:40 | FILES: {"cover_image":{"name":"","full_path":"","type":"","tmp_name":"","error":4,"size":0},"profile_image":{"name":"Creative.jpg","full_path":"Creative.jpg","type":"image\/jpeg","tmp_name":"C:\\xampp\\tmp\\php6F2.tmp","error":0,"size":103843}}
2025-05-27 17:10:40 | UPDATE executed. RowCount: 1
2025-05-27 17:10:40 | Redirecting to ../profile.php?success=1
2025-05-27 17:11:09 | POST: {"username":"mhmd_rmdn_1","email":"01069787819mohammed@gmail.com","first_name":"Mohammed","last_name":"Ramadan","phone":"+201069787819","date_of_birth":"","gender":"male","address":"banisuef"}
2025-05-27 17:11:09 | FILES: {"cover_image":{"name":"Creative.jpg","full_path":"Creative.jpg","type":"image\/jpeg","tmp_name":"C:\\xampp\\tmp\\php7770.tmp","error":0,"size":103843},"profile_image":{"name":"","full_path":"","type":"","tmp_name":"","error":4,"size":0}}
2025-05-27 17:11:09 | Uploading cover_image...
2025-05-27 17:11:09 | UPDATE executed. RowCount: 1
2025-05-27 17:11:09 | Redirecting to ../profile.php?success=1
2025-05-27 17:11:19 | POST: {"username":"mhmd_rmdn_1","email":"01069787819mohammed@gmail.com","first_name":"Mohammed","last_name":"Ramadan","phone":"+201069787819","date_of_birth":"","gender":"male","address":"banisuef"}
2025-05-27 17:11:19 | FILES: {"cover_image":{"name":"","full_path":"","type":"","tmp_name":"","error":4,"size":0},"profile_image":{"name":"Classic  !.jpg","full_path":"Classic  !.jpg","type":"image\/jpeg","tmp_name":"C:\\xampp\\tmp\\php9F6C.tmp","error":0,"size":141168}}
2025-05-27 17:11:19 | UPDATE executed. RowCount: 1
2025-05-27 17:11:19 | Redirecting to ../profile.php?success=1
2025-05-27 18:05:49 | POST: {"delete_cover_image":"1"}
2025-05-27 18:05:49 | FILES: []
2025-05-27 18:06:16 | POST: {"username":"mhmd_rmdn_1","email":"01069787819mohammed@gmail.com","first_name":"Mohammed","last_name":"Ramadan","phone":"+201069787819","date_of_birth":"","gender":"male","address":"banisuef"}
2025-05-27 18:06:16 | FILES: {"cover_image":{"name":"EREN JAEGER WALLPAPER_LE_upscale_balanced_x4.jpg","full_path":"EREN JAEGER WALLPAPER_LE_upscale_balanced_x4.jpg","type":"image\/jpeg","tmp_name":"C:\\xampp\\tmp\\phpEFDB.tmp","error":0,"size":1655150},"profile_image":{"name":"","full_path":"","type":"","tmp_name":"","error":4,"size":0}}
2025-05-27 18:06:16 | Uploading cover_image...
2025-05-27 18:06:16 | UPDATE executed. RowCount: 1
2025-05-27 18:06:16 | Redirecting to ../profile.php?success=1
2025-05-27 18:22:45 | POST: {"delete_cover_image":"1"}
2025-05-27 18:22:45 | FILES: []
2025-05-27 18:23:06 | POST: {"username":"mhmd_rmdn_1","email":"01069787819mohammed@gmail.com","first_name":"Mohammed","last_name":"Ramadan","phone":"+201069787819","date_of_birth":"","gender":"male","address":"banisuef"}
2025-05-27 18:23:06 | FILES: {"cover_image":{"name":"EREN JAEGER WALLPAPER_LE_upscale_balanced_x4.jpg","full_path":"EREN JAEGER WALLPAPER_LE_upscale_balanced_x4.jpg","type":"image\/jpeg","tmp_name":"C:\\xampp\\tmp\\php5880.tmp","error":0,"size":1655150},"profile_image":{"name":"","full_path":"","type":"","tmp_name":"","error":4,"size":0}}
2025-05-27 18:23:06 | Uploading cover_image...
2025-05-27 18:23:06 | UPDATE executed. RowCount: 1
2025-05-27 18:23:06 | Redirecting to ../profile.php?success=1
2025-05-27 19:13:28 | POST: {"delete_cover_image":"1"}
2025-05-27 19:13:28 | FILES: []
2025-05-27 19:14:07 | POST: {"username":"mhmd_rmdn_1","email":"01069787819mohammed@gmail.com","first_name":"Mohammed","last_name":"Ramadan","phone":"+201069787819","date_of_birth":"","gender":"male","address":"banisuef"}
2025-05-27 19:14:07 | FILES: {"cover_image":{"name":"EREN JAEGER WALLPAPER_LE_upscale_balanced_x4.jpg","full_path":"EREN JAEGER WALLPAPER_LE_upscale_balanced_x4.jpg","type":"image\/jpeg","tmp_name":"C:\\xampp\\tmp\\phpBE3.tmp","error":0,"size":1655150},"profile_image":{"name":"","full_path":"","type":"","tmp_name":"","error":4,"size":0}}
2025-05-27 19:14:07 | Uploading cover_image...
2025-05-27 19:14:07 | UPDATE executed. RowCount: 1
2025-05-27 19:14:07 | Redirecting to ../profile.php?success=1
2025-05-27 19:14:51 | POST: {"username":"mhmd_rmdn_1","email":"01069787819m@gmail.com","first_name":"Mohammed","last_name":"Ramadan","phone":"+201069787819","date_of_birth":"","gender":"male","address":"banisuef"}
2025-05-27 19:14:51 | FILES: {"cover_image":{"name":"","full_path":"","type":"","tmp_name":"","error":4,"size":0},"profile_image":{"name":"","full_path":"","type":"","tmp_name":"","error":4,"size":0}}
2025-05-27 19:14:51 | UPDATE executed. RowCount: 1
2025-05-27 19:14:51 | Redirecting to ../profile.php?success=1
2025-05-28 02:13:47 | POST: {"username":"mhmd_rmdn_1","email":"01069787819m@gmail.com","first_name":"Mohammed","last_name":"Ramadan","phone":"+201069787819","date_of_birth":"","gender":"male","address":"banisuef"}
2025-05-28 02:13:47 | FILES: {"cover_image":{"name":"EREN JAEGER WALLPAPER_LE_upscale_balanced_x4.jpg","full_path":"EREN JAEGER WALLPAPER_LE_upscale_balanced_x4.jpg","type":"image\/jpeg","tmp_name":"C:\\xampp\\tmp\\php62EE.tmp","error":0,"size":1111202},"profile_image":{"name":"","full_path":"","type":"","tmp_name":"","error":4,"size":0}}
2025-05-28 02:13:47 | Uploading cover_image...
2025-05-28 02:13:47 | UPDATE executed. RowCount: 1
2025-05-28 02:13:47 | Redirecting to ../profile.php?success=1
2025-05-28 02:14:27 | POST: {"username":"mhmd_rmdn_1","email":"01069787819m@gmail.com","first_name":"Mohammed","last_name":"Ramadan","phone":"+201069787819","date_of_birth":"","gender":"male","address":"banisuef"}
2025-05-28 02:14:27 | FILES: {"cover_image":{"name":"","full_path":"","type":"","tmp_name":"","error":4,"size":0},"profile_image":{"name":"","full_path":"","type":"","tmp_name":"","error":4,"size":0}}
2025-05-28 02:14:27 | UPDATE executed. RowCount: 0
2025-05-28 02:14:27 | Redirecting to ../profile.php?success=1
2025-05-28 02:16:31 | POST: {"username":"mhmd_rmdn_1","email":"01069787819m@gmail.com","first_name":"Mohammed","last_name":"Ramadan","phone":"+201069787819","date_of_birth":"","gender":"male","address":"banisuef"}
2025-05-28 02:16:31 | FILES: {"cover_image":{"name":"","full_path":"","type":"","tmp_name":"","error":4,"size":0},"profile_image":{"name":"","full_path":"","type":"","tmp_name":"","error":4,"size":0}}
2025-05-28 02:16:31 | UPDATE executed. RowCount: 0
2025-05-28 02:16:31 | Redirecting to ../profile.php?success=1
2025-05-28 02:23:47 | POST: {"username":"mhmd_rmdn_1","email":"01069787819m@gmail.com","first_name":"Mohammed","last_name":"Ramadan","phone":"+201069787819","date_of_birth":"","gender":"male","address":"banisuef"}
2025-05-28 02:23:47 | FILES: {"cover_image":{"name":"InkedJUJUTSU KAISEN HEADER_LE_upscale_balanced_x4_LI.jpg","full_path":"InkedJUJUTSU KAISEN HEADER_LE_upscale_balanced_x4_LI.jpg","type":"image\/jpeg","tmp_name":"C:\\xampp\\tmp\\php8996.tmp","error":0,"size":659529},"profile_image":{"name":"","full_path":"","type":"","tmp_name":"","error":4,"size":0}}
2025-05-28 02:23:47 | Uploading cover_image...
2025-05-28 02:23:47 | UPDATE executed. RowCount: 1
2025-05-28 02:23:47 | Redirecting to ../profile.php?success=1
2025-05-30 01:02:19 | POST: {"username":"mhmd_rmdn","email":"01069787819mohamed@gmail.com","first_name":"M","last_name":"R","phone":"01069787819","date_of_birth":"","gender":"male","address":"banisuef"}
2025-05-30 01:02:19 | FILES: {"cover_image":{"name":"EREN JAEGER WALLPAPER_LE_upscale_balanced_x4.jpg","full_path":"EREN JAEGER WALLPAPER_LE_upscale_balanced_x4.jpg","type":"image\/jpeg","tmp_name":"C:\\xampp\\tmp\\php9E73.tmp","error":0,"size":1111202},"profile_image":{"name":"Creative.jpg","full_path":"Creative.jpg","type":"image\/jpeg","tmp_name":"C:\\xampp\\tmp\\php9E74.tmp","error":0,"size":103843}}
2025-05-30 01:02:19 | Uploading cover_image...
2025-05-30 01:02:19 | UPDATE executed. RowCount: 1
2025-05-30 01:02:19 | Redirecting to ../profile.php?success=1
2025-05-30 15:34:59 | POST: {"username":"hazemy14","email":"hazamyahya85@gmail.com","first_name":"Hazem","last_name":"Yahia","phone":"+201143949700","date_of_birth":"2003-05-01","gender":"male","address":"banisuef"}
2025-05-30 15:34:59 | FILES: {"cover_image":{"name":"41922163_2230708507253724_2172086607945924608_n.jpg","full_path":"41922163_2230708507253724_2172086607945924608_n.jpg","type":"image\/jpeg","tmp_name":"C:\\xampp\\tmp\\php8E9A.tmp","error":0,"size":43858},"profile_image":{"name":"488937067_4185464921778063_7001465150512894729_n.jpg","full_path":"488937067_4185464921778063_7001465150512894729_n.jpg","type":"image\/jpeg","tmp_name":"C:\\xampp\\tmp\\php8E9B.tmp","error":0,"size":262081}}
2025-05-30 15:34:59 | Uploading cover_image...
2025-05-30 15:35:00 | UPDATE executed. RowCount: 1
2025-05-30 15:35:00 | Redirecting to ../profile.php?success=1
